# JRE version: OpenJDK Runtime Environment (11.0.12+7) (build 11.0.12+7-b1504.28-7817840)
# Java VM: OpenJDK 64-Bit Server VM (11.0.12+7-b1504.28-7817840, mixed mode, tiered, compressed oops, g1 gc, windows-amd64)
Heap:
 garbage-first heap   total 129024K, used 39379K [0x0000000080000000, 0x0000000100000000)
  region size 1024K, 21 young (21504K), 7 survivors (7168K)
 Metaspace       used 39578K, capacity 40502K, committed 40832K, reserved 1085440K
  class space    used 5056K, capacity 5390K, committed 5504K, reserved 1048576K
GC Heap History (14 events):
Event: 0.865 GC heap before
{Heap before GC invocations=0 (full 0):
 garbage-first heap   total 129024K, used 29696K [0x0000000080000000, 0x0000000100000000)
  region size 1024K, 24 young (24576K), 0 survivors (0K)
 Metaspace       used 10160K, capacity 10405K, committed 10624K, reserved 1058816K
  class space    used 1061K, capacity 1107K, committed 1152K, reserved 1048576K
}
Event: 0.871 GC heap after
{Heap after GC invocations=1 (full 0):
 garbage-first heap   total 129024K, used 9401K [0x0000000080000000, 0x0000000100000000)
  region size 1024K, 3 young (3072K), 3 survivors (3072K)
 Metaspace       used 10160K, capacity 10405K, committed 10624K, reserved 1058816K
  class space    used 1061K, capacity 1107K, committed 1152K, reserved 1048576K
}
Event: 3.240 GC heap before
{Heap before GC invocations=1 (full 0):
 garbage-first heap   total 129024K, used 83129K [0x0000000080000000, 0x0000000100000000)
  region size 1024K, 75 young (76800K), 3 survivors (3072K)
 Metaspace       used 17691K, capacity 18168K, committed 18432K, reserved 1064960K
  class space    used 2088K, capacity 2238K, committed 2304K, reserved 1048576K
}
Event: 3.247 GC heap after
{Heap after GC invocations=2 (full 0):
 garbage-first heap   total 129024K, used 16415K [0x0000000080000000, 0x0000000100000000)
  region size 1024K, 10 young (10240K), 10 survivors (10240K)
 Metaspace       used 17691K, capacity 18168K, committed 18432K, reserved 1064960K
  class space    used 2088K, capacity 2238K, committed 2304K, reserved 1048576K
}
Event: 3.541 GC heap before
{Heap before GC invocations=2 (full 0):
 garbage-first heap   total 129024K, used 38943K [0x0000000080000000, 0x0000000100000000)
  region size 1024K, 34 young (34816K), 10 survivors (10240K)
 Metaspace       used 20569K, capacity 21104K, committed 21248K, reserved 1067008K
  class space    used 2511K, capacity 2690K, committed 2816K, reserved 1048576K
}
Event: 3.551 GC heap after
{Heap after GC invocations=3 (full 0):
 garbage-first heap   total 129024K, used 16989K [0x0000000080000000, 0x0000000100000000)
  region size 1024K, 1 young (1024K), 1 survivors (1024K)
 Metaspace       used 20569K, capacity 21104K, committed 21248K, reserved 1067008K
  class space    used 2511K, capacity 2690K, committed 2816K, reserved 1048576K
}
Event: 4.957 GC heap before
{Heap before GC invocations=4 (full 0):
 garbage-first heap   total 129024K, used 69213K [0x0000000080000000, 0x0000000100000000)
  region size 1024K, 52 young (53248K), 1 survivors (1024K)
 Metaspace       used 25877K, capacity 26503K, committed 26752K, reserved 1073152K
  class space    used 3383K, capacity 3601K, committed 3712K, reserved 1048576K
}
Event: 4.961 GC heap after
{Heap after GC invocations=5 (full 0):
 garbage-first heap   total 129024K, used 18539K [0x0000000080000000, 0x0000000100000000)
  region size 1024K, 3 young (3072K), 3 survivors (3072K)
 Metaspace       used 25877K, capacity 26503K, committed 26752K, reserved 1073152K
  class space    used 3383K, capacity 3601K, committed 3712K, reserved 1048576K
}
Event: 6.222 GC heap before
{Heap before GC invocations=5 (full 0):
 garbage-first heap   total 129024K, used 75883K [0x0000000080000000, 0x0000000100000000)
  region size 1024K, 59 young (60416K), 3 survivors (3072K)
 Metaspace       used 34567K, capacity 35326K, committed 35584K, reserved 1079296K
  class space    used 4503K, capacity 4800K, committed 4864K, reserved 1048576K
}
Event: 6.228 GC heap after
{Heap after GC invocations=6 (full 0):
 garbage-first heap   total 129024K, used 21972K [0x0000000080000000, 0x0000000100000000)
  region size 1024K, 6 young (6144K), 6 survivors (6144K)
 Metaspace       used 34567K, capacity 35326K, committed 35584K, reserved 1079296K
  class space    used 4503K, capacity 4800K, committed 4864K, reserved 1048576K
}
Event: 6.354 GC heap before
{Heap before GC invocations=6 (full 0):
 garbage-first heap   total 129024K, used 22996K [0x0000000080000000, 0x0000000100000000)
  region size 1024K, 9 young (9216K), 6 survivors (6144K)
 Metaspace       used 35082K, capacity 35838K, committed 35840K, reserved 1081344K
  class space    used 4548K, capacity 4864K, committed 4864K, reserved 1048576K
}
Event: 6.364 GC heap after
{Heap after GC invocations=7 (full 0):
 garbage-first heap   total 129024K, used 22338K [0x0000000080000000, 0x0000000100000000)
  region size 1024K, 4 young (4096K), 4 survivors (4096K)
 Metaspace       used 35082K, capacity 35838K, committed 35840K, reserved 1081344K
  class space    used 4548K, capacity 4864K, committed 4864K, reserved 1048576K
}
Event: 7.691 GC heap before
{Heap before GC invocations=8 (full 0):
 garbage-first heap   total 129024K, used 72514K [0x0000000080000000, 0x0000000100000000)
  region size 1024K, 51 young (52224K), 4 survivors (4096K)
 Metaspace       used 38722K, capacity 39639K, committed 39936K, reserved 1083392K
  class space    used 4933K, capacity 5251K, committed 5376K, reserved 1048576K
}
Event: 7.701 GC heap after
{Heap after GC invocations=9 (full 0):
 garbage-first heap   total 129024K, used 26067K [0x0000000080000000, 0x0000000100000000)
  region size 1024K, 7 young (7168K), 7 survivors (7168K)
 Metaspace       used 38722K, capacity 39639K, committed 39936K, reserved 1083392K
  class space    used 4933K, capacity 5251K, committed 5376K, reserved 1048576K
}

